[Message:   BepInEx] BepInEx 5.4.22.0 - EscapeFromTarkov (08.06.2025 1:52:12)
[Info   :   BepInEx] Running under Unity v0.16.1.3539
[Info   :   BepInEx] CLR runtime version: 4.0.30319.42000
[Info   :   BepInEx] Supports SRE: True
[Info   :   BepInEx] System platform: Bits64, Windows
[Message:   BepInEx] Preloader started
[Info   :   BepInEx] Loaded 1 patcher method from [BepInEx.Preloader 5.4.22.0]
[Info   :   BepInEx] Loaded 1 patcher method from [spt-prepatch 3.11.3.0]
[Info   :   BepInEx] 2 patcher plugins loaded
[Info   :   BepInEx] Patching [UnityEngine.CoreModule] with [BepInEx.Chainloader]
[Info   :   BepInEx] Patching [Assembly-CSharp] with [SPT.PrePatch.SPTPrePatcher]
[Message:   BepInEx] Preloader finished
[Message:   BepInEx] Chainloader ready
[Message:   BepInEx] Chainloader started
[Info   :   BepInEx] 11 plugins to load
[Info   :   BepInEx] Loading [Configuration Manager 18.0.1]
[Info   :   BepInEx] Loading [CactusPie.RamCleanerInterval 1.2.2]
[Info   :   BepInEx] Loading [SPT.Custom 3.11.3]
[Info   :SPT.Custom] Loading: SPT.Custom
[Info   :ModulePatch] Enabled patch EasyAssetsPatch
[Info   :ModulePatch] Enabled patch EasyBundlePatch
[Info   :ModulePatch] Enabled patch DisableNonHalloweenExitsDuringEventPatch
[Info   :ModulePatch] Enabled patch SendFleaListingTaxAmountToServerPatch
[Info   :ModulePatch] Enabled patch AddTraitorScavsPatch
[Info   :RequestHandler] [REQUEST]: /singleplayer/bosstypes
[Info   :RequestHandler] [REQUEST SUCCESSFUL] /singleplayer/bosstypes
[Info   :ModulePatch] Enabled patch CustomAiPatch
[Info   :ModulePatch] Enabled patch SaveSettingsToSptFolderPatch
[Info   :ModulePatch] Enabled patch PatchPlayerPrefsSetInt
[Info   :ModulePatch] Enabled patch PatchPlayerPrefsSetFloat
[Info   :ModulePatch] Enabled patch PatchPlayerPrefsSetString
[Info   :ModulePatch] Enabled patch PatchPlayerPrefsGetInt
[Info   :ModulePatch] Enabled patch PatchPlayerPrefsGetFloat
[Info   :ModulePatch] Enabled patch PatchPlayerPrefsGetString
[Info   :ModulePatch] Enabled patch PatchPlayerPrefsHasKey
[Info   :ModulePatch] Enabled patch PatchPlayerPrefsDeleteKey
[Info   :ModulePatch] Enabled patch PatchPlayerPrefsDeleteAll
[Info   :ModulePatch] Enabled patch PatchPlayerPrefsSave
[Info   :ModulePatch] Enabled patch QTEPatch
[Info   :ModulePatch] Enabled patch RedirectClientImageRequestsPatch
[Info   :ModulePatch] Enabled patch DisableGameModeAdjustButtonPatch
[Info   :ModulePatch] Enabled patch FixPmcSpawnParamsNullErrorPatch
[Info   :ModulePatch] Enabled patch SetPreRaidSettingsScreenDefaultsPatch
[Info   :ModulePatch] Enabled patch CoreDifficultyPatch
[Info   :ModulePatch] Enabled patch BotDifficultyPatch
[Info   :ModulePatch] Enabled patch VersionLabelPatch
[Info   :ModulePatch] Enabled patch FixScavWarNullErrorWithMarkOfUnknownPatch
[Info   :ModulePatch] Enabled patch MergeScavPmcQuestsOnInventoryLoadPatch
[Info   :ModulePatch] Enabled patch CopyPmcQuestsAndWishlistToPlayerScavPatch
[Info   :ModulePatch] Enabled patch FixBossesHavingNoFollowersOnMediumAiAmount
[Info   :ModulePatch] Enabled patch FixAirdropCrashPatch
[Info   :ModulePatch] Enabled patch FixAirdropFlareDisposePatch
[Info   :ModulePatch] Enabled patch AllowAirdropsInPvEPatch
[Info   :ModulePatch] Enabled patch MemoryCollectionPatch
[Info   :ModulePatch] Enabled patch BotsControllerInitPatch
[Info   :ModulePatch] Enabled patch BotsEventsControllerActivatePatch
[Info   :ModulePatch] Enabled patch EnablePrestigeTabPatch
[Info   :ModulePatch] Enabled patch MatchStartServerLocationPatch
[Info   :ModulePatch] Enabled patch SpawnPointAIPlayerBotLimitPatch
[Info   :ModulePatch] Enabled patch SpawnPointNearestPlayerAIPatch
[Info   :SPT.Custom] Completed: SPT.Custom
[Info   :   BepInEx] Loading [SPT.Singleplayer 3.11.3]
[Info   :SPT.Singleplayer] Loading: SPT.SinglePlayer
[Info   :ModulePatch] Enabled patch TinnitusFixPatch
[Info   :ModulePatch] Enabled patch EmptyInfilFixPatch
[Info   :ModulePatch] Enabled patch OverrideMaxAiAliveInRaidValuePatch
[Info   :ModulePatch] Enabled patch FixPostScavRaidXpShowingZeroPatch
[Info   :ModulePatch] Enabled patch DisablePMCExtractsForScavsPatch
[Info   :ModulePatch] Enabled patch ScavExfilPatch
[Info   :ModulePatch] Enabled patch ScavProfileLoadPatch
[Info   :ModulePatch] Enabled patch ScavPrefabLoadPatch
[Info   :ModulePatch] Enabled patch DisableReadyLocationReadyPatch
[Info   :ModulePatch] Enabled patch LoadOfflineRaidScreenPatch
[Info   :ModulePatch] Enabled patch AmmoUsedCounterPatch
[Info   :ModulePatch] Enabled patch PluginErrorNotifierPatch
[Info   :ModulePatch] Enabled patch MapReadyButtonPatch
[Info   :ModulePatch] Enabled patch RemoveUsedBotProfilePatch
[Info   :ModulePatch] Enabled patch ScavLateStartPatch
[Info   :ModulePatch] Enabled patch ScavSellAllPriceStorePatch
[Info   :ModulePatch] Enabled patch ScavSellAllRequestPatch
[Info   :ModulePatch] Enabled patch ScavRepAdjustmentPatch
[Info   :ModulePatch] Enabled patch DisableWelcomeToPVEModeMessagePatch
[Info   :ModulePatch] Enabled patch DisableMatchmakerPlayerPreviewButtonsPatch
[Info   :ModulePatch] Enabled patch EnableRefForPVEPatch
[Info   :ModulePatch] Enabled patch EnableRefIntermScreenPatch
[Info   :ModulePatch] Enabled patch EnablePlayerScavPatch
[Info   :ModulePatch] Enabled patch ScavFoundInRaidPatch
[Info   :ModulePatch] Enabled patch GetProfileAtEndOfRaidPatch
[Info   :ModulePatch] Enabled patch SendPlayerScavProfileToServerAfterRaidPatch
[Info   :ModulePatch] Enabled patch RemoveStashUpgradeLabelPatch
[Info   :ModulePatch] Enabled patch RemoveClothingItemExternalObtainLabelPatch
[Info   :ModulePatch] Enabled patch ForceRaidModeToLocalPatch
[Info   :ModulePatch] Enabled patch ScavIsPlayerEnemyPatch
[Info   :ModulePatch] Enabled patch FirearmControllerShowIncompatibleNotificationClass
[Info   :ModulePatch] Enabled patch FixKeyAlreadyExistsErrorOnAchievementPatch
[Info   :ModulePatch] Enabled patch ScavPrestigeFixPatch
[Info   :ModulePatch] Enabled patch DisableDevMaskCheckPatch
[Info   :ModulePatch] Enabled patch RemoveStopwatchAllocationsEveryBotFramePatch
[Info   :ModulePatch] Enabled patch RemoveStopwatchAllocationsEveryCoverPointFramePatch
[Info   :ModulePatch] Enabled patch DisableUseBSGServersCheckbox
[Info   :ModulePatch] Enabled patch PmcBotSidePatch
[Info   :ModulePatch] Enabled patch QuestAchievementRewardInRaidPatch
[Info   :ModulePatch] Enabled patch FixUnityWarningSpamFromAirdropsPatch
[Info   :SPT.Singleplayer] Completed: SPT.SinglePlayer
[Info   :   BepInEx] Loading [SPT.Core 3.11.3]
[Info   :  SPT.Core] Loading: SPT.Core
[Info   :ModulePatch] Enabled patch ConsistencySinglePatch
[Info   :ModulePatch] Enabled patch ConsistencyMultiPatch
[Info   :ModulePatch] Enabled patch GameValidationPatch
[Info   :ModulePatch] Enabled patch BattlEyePatch
[Info   :ModulePatch] Enabled patch SslCertificatePatch
[Info   :ModulePatch] Enabled patch UnityWebRequestPatch
[Info   :ModulePatch] Enabled patch WebSocketSslValidationPatch
[Info   :  SPT.Core] Completed: SPT.Core
[Info   :   BepInEx] Loading [SPT.Debugging 3.11.3]
[Info   :SPT.Debugging] Loading: SPT.Debugging
[Info   :ModulePatch] Enabled patch EndRaidDebug
[Info   :ModulePatch] Enabled patch LoggerClassLogPatch
[Info   :ModulePatch] Enabled patch ReloadClientPatch
[Info   :ModulePatch] Enabled patch EnableDebugCommandsPatch
[Info   :SPT.Debugging] Completed: SPT.Debugging
[Info   :   BepInEx] Loading [Fika.Core 1.2.8]
[Info   : Fika.Core] Received NatPunchServer config from server:
[Info   : Fika.Core] Enable: False
[Info   : Fika.Core] Port: 6790
[Info   : Fika.Core] NatIntroduceAmount: 1
[Info   : FikaPatch] Enabled patch FikaVersionLabel_Patch
[Info   : FikaPatch] Enabled patch DisableMatchSettingsReadyButton_Patch
[Info   : FikaPatch] Enabled patch DisableReadyButton_Patch
[Info   : FikaPatch] Enabled patch AchievementsScreen_Show_Patch
[Info   : FikaPatch] Enabled patch AchievementView_Show_Patch
[Info   : FikaPatch] Enabled patch ChangeGameModeButton_Patch
[Info   : FikaPatch] Enabled patch CoopSettingsWindow_Show_Patch
[Info   : FikaPatch] Enabled patch DisableInsuranceReadyButton_Patch
[Info   : FikaPatch] Enabled patch DisconnectButton_Patch
[Info   : FikaPatch] Enabled patch MainMenuControllerClass_method_52_Patch
[Info   : FikaPatch] Enabled patch GClass3581_ShowAction_Patch
[Info   : FikaPatch] Enabled patch HideoutPlayerOwner_SetPointOfView_Patch
[Info   : FikaPatch] Enabled patch MenuScreen_Awake_Patch
[Info   : FikaPatch] Enabled patch MenuScreen_method_9_Patch
[Info   : FikaPatch] Enabled patch RagfairScreen_Show_Patch
[Info   : FikaPatch] Enabled patch MatchmakerOfflineRaidScreen_Show_Patch
[Info   : FikaPatch] Enabled patch MatchmakerOfflineRaidScreen_Close_Patch
[Info   : FikaPatch] Enabled patch MatchmakerPlayerControllerClass_GetCoopBlockReason_Patch
[Info   : FikaPatch] Enabled patch MenuTaskBar_Patch
[Info   : FikaPatch] Enabled patch PartyInfoPanel_Show_Patch
[Info   : FikaPatch] Enabled patch RaidSettingsWindow_method_8_Patch
[Info   : FikaPatch] Enabled patch RaidSettingsWindow_Show_Patch
[Info   : FikaPatch] Enabled patch SessionResultExitStatus_Show_Patch
[Info   : FikaPatch] Enabled patch TarkovApplication_method_18_Patch
[Info   : FikaPatch] Enabled patch MatchmakerAcceptScreen_Awake_Patch
[Info   : FikaPatch] Enabled patch MatchmakerAcceptScreen_Show_Patch
[Info   : FikaPatch] Enabled patch AbstractGame_InRaid_Patch
[Info   : FikaPatch] Enabled patch AIPlaceLogicPartisan_Dispose_Patch
[Info   : FikaPatch] Enabled patch GClass2461_UpdateOfflineClientLogic_Patch
[Info   : FikaPatch] Enabled patch GClass2462_UpdateOfflineClientLogic_Patch
[Info   : FikaPatch] Enabled patch SyncObjectProcessorClass_GetSyncObjectStrategyByType_Patch
[Info   : FikaPatch] Enabled patch GClass1395_Constructor_Patch
[Info   : FikaPatch] Enabled patch GClass622_method_0_Patch
[Info   : FikaPatch] Enabled patch GClass622_method_28_Patch
[Info   : FikaPatch] Enabled patch BotCacher_Patch
[Info   : FikaPatch] Enabled patch BotReload_method_1_Patch
[Info   : FikaPatch] Enabled patch BTRControllerClass_Init_Patch
[Info   : FikaPatch] Enabled patch BTRVehicle_method_38_Patch
[Info   : FikaPatch] Enabled patch BTRView_GoIn_Patch
[Info   : FikaPatch] Enabled patch BTRView_GoOut_Patch
[Info   : FikaPatch] Enabled patch BTRView_SyncViewFromServer_Patch
[Info   : FikaPatch] Enabled patch Player_UpdateBtrTraderServiceData_Patch
[Info   : FikaPatch] Enabled patch WeaponManagerClass_method_13_Patch
[Info   : FikaPatch] Enabled patch WeaponManagerClass_ValidateScopeSmoothZoomUpdate_Patch
[Info   : FikaPatch] Enabled patch Class1391_ReloadBackendLocale_Patch
[Info   : FikaPatch] Enabled patch GameWorld_Create_Patch
[Info   : FikaPatch] Enabled patch GameWorld_ThrowItem_Patch
[Info   : FikaPatch] Enabled patch GClass1675_method_9_Patch
[Info   : FikaPatch] Enabled patch GClass2054_method_0_Patch
[Info   : FikaPatch] Enabled patch GClass3371_ExceptAI_Patch
[Info   : FikaPatch] Enabled patch GrenadeClass_Init_Patch
[Info   : FikaPatch] Enabled patch BufferInnerZone_ChangePlayerAccessStatus_Patch
[Info   : FikaPatch] Enabled patch BufferInnerZone_ChangeZoneInteractionAvailability_Patch
[Info   : FikaPatch] Enabled patch BufferZoneControllerClass_method_1_Patch
[Info   : FikaPatch] Enabled patch BufferZoneControllerClass_SetPlayerInZoneStatus_Patch
[Info   : FikaPatch] Enabled patch BaseLocalGame_method_13_Patch
[Info   : FikaPatch] Enabled patch NonWaveSpawnScenario_Patch
[Info   : FikaPatch] Enabled patch TarkovApplication_LocalGameCreator_Patch
[Info   : FikaPatch] Enabled patch TarkovApplication_LocalGamePreparer_Patch
[Info   : FikaPatch] Enabled patch WaveSpawnScenario_Patch
[Info   : FikaPatch] Enabled patch MineDirectional_OnTriggerEnter_Patch
[Info   : FikaPatch] Enabled patch Minefield_method_2_Patch
[Info   : FikaPatch] Enabled patch GetProfileAtEndOfRaidPatch_Override
[Info   : FikaPatch] Enabled patch FixSavageInventoryScreenPatch_Override
[Info   : FikaPatch] Enabled patch OfflineRaidSettingsMenuPatch_Override
[Info   : FikaPatch] Enabled patch ScavProfileLoad_Override
[Info   : FikaPatch] Enabled patch BodyPartCollider_SetUpPlayer_Patch
[Info   : FikaPatch] Enabled patch Player_Hide_Patch
[Info   : FikaPatch] Enabled patch Player_ManageAggressor_Patch
[Info   : FikaPatch] Enabled patch Player_OnDead_Patch
[Info   : FikaPatch] Enabled patch Player_SetDogtagInfo_Patch
[Info   : FikaPatch] Enabled patch Player_SpawnInHands_Patch
[Info   : FikaPatch] Enabled patch TransitControllerAbstractClass_Exist_Patch
[Info   : FikaPatch] Enabled patch TripwireSynchronizableObject_method_11_Patch
[Info   : FikaPatch] Enabled patch TripwireSynchronizableObject_method_6_Patch
[Info   : FikaPatch] Enabled patch BasicMicrophoneCapture_UpdateSubscribers_Transpiler
[Info   : FikaPatch] Enabled patch DissonanceComms_Start_Patch
[Info   : FikaPatch] Enabled patch Player_IDissonancePlayerType_Patch
[Info   : FikaPatch] Enabled patch Player_HasMarkOfUnknown_Patch
[Info   : FikaPatch] Enabled patch OpticRetrice_UpdateTransform_Patch
[Info   : FikaPatch] Enabled patch PlayerCameraController_LateUpdate_Transpiler
[Info   : FikaPatch] Enabled patch DeathFade_Patch
[Info   : FikaPatch] Enabled patch PlayEndGameSound_Patch
[Info   : FikaPatch] Enabled patch PlayUISound_Patch
[Info   : FikaPatch] Enabled patch BTRSide_AddPassenger_Patch
[Info   : FikaPatch] Enabled patch BTRSide_RemovePassenger_Patch
[Info   : FikaPatch] Enabled patch BTRSide_method_9_Patch
[Info   : FikaPatch] Enabled patch LighthouseTraderZone_AddPlayer_Patch
[Info   : FikaPatch] Enabled patch LighthouseTraderZone_RemovePlayer_Patch
[Info   : FikaPatch] Enabled patch LighthouseTraderZone_Awake_Patch
[Info   : FikaPatch] Enabled patch GClass436_Activate_Patch
[Info   :Fika.Core PatchManager] Enabled 91 patches
[Info   :ModulePatch] Disabled patch VersionLabelPatch
[Info   :ModulePatch] Disabled patch AmmoUsedCounterPatch
[Info   :ModulePatch] Disabled patch ArmorDamageCounterPatch
[Info   :ModulePatch] Disabled patch ScavRepAdjustmentPatch
[Info   :ModulePatch] Disabled patch GetProfileAtEndOfRaidPatch
[Info   :ModulePatch] Disabled patch ScavExfilPatch
[Info   :ModulePatch] Disabled patch SendPlayerScavProfileToServerAfterRaidPatch
[Info   :ModulePatch] Disabled patch MatchStartServerLocationPatch
[Info   :ModulePatch] Disabled patch QuestAchievementRewardInRaidPatch
[Info   : Fika.Core] Received config from server:
[Info   : Fika.Core] Fika is loaded! Running version: 1.2.8.0
[Info   :RequestHandler] [REQUEST]: /singleplayer/settings/bot/difficulty/core/core
[Info   :RequestHandler] [REQUEST SUCCESSFUL] /singleplayer/settings/bot/difficulty/core/core
[Info   : FikaPatch] Enabled patch ItemContext_Patch
[Info   :   BepInEx] Loading [DrakiaXYZ-BigBrain 1.3.2]
[Info   :DrakiaXYZ-BigBrain] Loading: DrakiaXYZ-BigBrain
[Warning: Fika.Core] [GetPublicIP]: Could not get public IP address by [https://api.ipify.org/], Error message: An error occurred while sending the request
[Info   :ModulePatch] Enabled patch BotBaseBrainActivatePatch
[Warning: Fika.Core] [GetPublicIP]: Could not get public IP address by [https://checkip.amazonaws.com/], Error message: An error occurred while sending the request
[Warning: Fika.Core] [GetPublicIP]: Could not get public IP address by [https://ipv4.icanhazip.com/], Error message: An error occurred while sending the request
[Error  : Fika.Core] RunChecks: Could not retrieve or parse the external IP address!
[Info   :ModulePatch] Enabled patch BotBrainCreateLogicNodePatch
[Info   :ModulePatch] Enabled patch BotBaseBrainUpdatePatch
[Info   :ModulePatch] Enabled patch BotAgentUpdatePatch
[Info   :ModulePatch] Enabled patch BotBaseBrainActivateLayerPatch
[Info   :ModulePatch] Enabled patch BotStandartBotBrainActivatePatch
[Info   :DrakiaXYZ-BigBrain] Completed: DrakiaXYZ-BigBrain
[Info   :   BepInEx] Loading [SAIN 3.3.0]
[Info   :ModulePatch] Enabled patch StopRefillMagsPatch
[Info   :ModulePatch] Enabled patch SetEnvironmentPatch
[Info   :ModulePatch] Enabled patch SetPanicPointPatch
[Info   :ModulePatch] Enabled patch AddPointToSearchPatch
[Info   :ModulePatch] Enabled patch TurnDamnLightOffPatch
[Info   :ModulePatch] Enabled patch GrenadeThrownActionPatch
[Info   :ModulePatch] Enabled patch GrenadeExplosionActionPatch
[Info   :ModulePatch] Enabled patch ShallKnowEnemyPatch
[Info   :ModulePatch] Enabled patch ShallKnowEnemyLatePatch
[Info   :ModulePatch] Enabled patch HaveSeenEnemyPatch
[Info   :ModulePatch] Enabled patch AllowRequestPatch
[Info   :ModulePatch] Enabled patch FindRequestForMePatch
[Info   :ModulePatch] Enabled patch StopSetToNavMeshPatch
[Info   :ModulePatch] Enabled patch FightShallReloadFixPatch
[Info   :ModulePatch] Enabled patch EnableVaultPatch
[Info   :ModulePatch] Enabled patch BotMemoryAddEnemyPatch
[Info   :ModulePatch] Enabled patch BotGroupAddEnemyPatch
[Info   :ModulePatch] Enabled patch FixItemTakerPatch
[Info   :ModulePatch] Enabled patch FixItemTakerPatch2
[Info   :ModulePatch] Enabled patch RotateClampPatch
[Info   :ModulePatch] Enabled patch EncumberedPatch
[Info   :ModulePatch] Enabled patch DoorOpenerPatch
[Info   :ModulePatch] Enabled patch DoorDisabledPatch
[Info   :ModulePatch] Enabled patch CrawlPatch
[Info   :ModulePatch] Enabled patch CrawlPatch2
[Info   :ModulePatch] Enabled patch PoseStaminaPatch
[Info   :ModulePatch] Enabled patch AimStaminaPatch
[Info   :ModulePatch] Enabled patch GlobalShootSettingsPatch
[Info   :ModulePatch] Enabled patch GlobalLookPatch
[Info   :ModulePatch] Enabled patch TryPlayShootSoundPatch
[Info   :ModulePatch] Enabled patch OnMakingShotPatch
[Info   :ModulePatch] Enabled patch HearingSensorPatch
[Info   :ModulePatch] Enabled patch GrenadeCollisionPatch
[Info   :ModulePatch] Enabled patch GrenadeCollisionPatch2
[Info   :ModulePatch] Enabled patch ToggleSoundPatch
[Info   :ModulePatch] Enabled patch SpawnInHandsSoundPatch
[Info   :ModulePatch] Enabled patch PlaySwitchHeadlightSoundPatch
[Info   :ModulePatch] Enabled patch BulletImpactPatch
[Info   :ModulePatch] Enabled patch TreeSoundPatch
[Info   :ModulePatch] Enabled patch DoorBreachSoundPatch
[Info   :ModulePatch] Enabled patch DoorOpenSoundPatch
[Info   :ModulePatch] Enabled patch FootstepSoundPatch
[Info   :ModulePatch] Enabled patch SprintSoundPatch
[Info   :ModulePatch] Enabled patch GenericMovementSoundPatch
[Info   :ModulePatch] Enabled patch JumpSoundPatch
[Info   :ModulePatch] Enabled patch DryShotPatch
[Info   :ModulePatch] Enabled patch ProneSoundPatch
[Info   :ModulePatch] Enabled patch SoundClipNameCheckerPatch
[Info   :ModulePatch] Enabled patch SoundClipNameCheckerPatch2
[Info   :ModulePatch] Enabled patch AimSoundPatch
[Info   :ModulePatch] Enabled patch LootingSoundPatch
[Info   :ModulePatch] Enabled patch SetInHandsGrenadePatch
[Info   :ModulePatch] Enabled patch SetInHandsFoodPatch
[Info   :ModulePatch] Enabled patch SetInHandsMedsPatch
[Info   :ModulePatch] Enabled patch JumpPainPatch
[Info   :ModulePatch] Enabled patch PlayerHurtPatch
[Info   :ModulePatch] Enabled patch PlayerTalkPatch
[Info   :ModulePatch] Enabled patch BotTalkPatch
[Info   :ModulePatch] Enabled patch BotTalkManualUpdatePatch
[Info   :ModulePatch] Enabled patch DisableLookUpdatePatch
[Info   :ModulePatch] Enabled patch UpdateLightEnablePatch
[Info   :ModulePatch] Enabled patch UpdateLightEnablePatch2
[Info   :ModulePatch] Enabled patch ToggleNightVisionPatch
[Info   :ModulePatch] Enabled patch SetPartPriorityPatch
[Info   :ModulePatch] Enabled patch GlobalLookSettingsPatch
[Info   :ModulePatch] Enabled patch WeatherTimeVisibleDistancePatch
[Info   :ModulePatch] Enabled patch NoAIESPPatch
[Info   :ModulePatch] Enabled patch BotLightTurnOnPatch
[Info   :ModulePatch] Enabled patch VisionSpeedPatch
[Info   :ModulePatch] Enabled patch WeatherVisionPatch
[Info   :ModulePatch] Enabled patch VisionDistancePatch
[Info   :ModulePatch] Enabled patch CheckFlashlightPatch
[Info   :ModulePatch] Enabled patch DoHitAffectPatch
[Info   :ModulePatch] Enabled patch HitAffectApplyPatch
[Info   :ModulePatch] Enabled patch PlayerHitReactionDisablePatch
[Info   :ModulePatch] Enabled patch SetAimStatusPatch
[Info   :ModulePatch] Enabled patch AimOffsetPatch
[Info   :ModulePatch] Enabled patch AimTimePatch
[Info   :ModulePatch] Enabled patch ForceNoHeadAimPatch
[Info   :ModulePatch] Enabled patch AimRotateSpeedPatch
[Info   :ModulePatch] Enabled patch ResetGrenadePatch
[Info   :ModulePatch] Enabled patch SetGrenadePatch
[Info   :ModulePatch] Enabled patch FullAutoPatch
[Info   :ModulePatch] Enabled patch SemiAutoPatch
[Info   :ModulePatch] Enabled patch SemiAutoPatch2
[Info   :ModulePatch] Enabled patch SemiAutoPatch3
[Info   :ModulePatch] Enabled patch AddBotComponentPatch
[Info   :ModulePatch] Enabled patch AddGameWorldPatch
[Info   :ModulePatch] Enabled patch GetBotController
[Info   :ModulePatch] Enabled patch GetBotSpawner
[Info   :   BepInEx] Loading [SPTVRAMCleaner 1.0.0]
[Info   :SPTVRAMCleaner] VRAMCleaner loaded!
[Info   :ModulePatch] Enabled patch VRAMCleaner
[Info   :   BepInEx] Loading [DrakiaXYZ-Waypoints 1.7.0]
[Info   :ModulePatch] Enabled patch DebugPatch
[Info   :ModulePatch] Enabled patch WaypointPatch
[Info   :ModulePatch] Enabled patch DoorLinkPatch
[Info   :ModulePatch] Enabled patch DoorLinkStateChangePatch
[Info   :ModulePatch] Enabled patch SwitchDoorBlockerPatch
[Info   :ModulePatch] Enabled patch ExfilDoorBlockerPatch
[Message:   BepInEx] Chainloader startup complete
[Info   :RequestHandler] [REQUEST]: /singleplayer/settings/version
[Info   :RequestHandler] [REQUEST SUCCESSFUL] /singleplayer/settings/version
[Info   :RequestHandler] [REQUEST]: /singleplayer/release
[Info   :RequestHandler] [REQUEST SUCCESSFUL] /singleplayer/release
[Info   :RequestHandler] [REQUEST]: /singleplayer/moddedTraders
[Info   :RequestHandler] [REQUEST SUCCESSFUL] /singleplayer/moddedTraders
[Info   :RequestHandler] [REQUEST]: /singleplayer/enableBSGlogging
[Info   :RequestHandler] [REQUEST SUCCESSFUL] /singleplayer/enableBSGlogging
[Info   : Fika.Core] Server version check passed. Expected: >2.4.7, received: 2.4.8
[Info   :FikaModHandler] Loaded plugin: [Configuration Manager] with GUID [com.bepis.bepinex.configurationmanager] and crc32 [2453335703]
[Info   :FikaModHandler] Loaded plugin: [CactusPie.RamCleanerInterval] with GUID [com.cactuspie.ramcleanerinterval] and crc32 [713046911]
[Info   :FikaModHandler] Loaded plugin: [SPT.Custom] with GUID [com.SPT.custom] and crc32 [2697771812]
[Info   :FikaModHandler] Loaded plugin: [SPT.Singleplayer] with GUID [com.SPT.singleplayer] and crc32 [1999686428]
[Info   :FikaModHandler] Loaded plugin: [SPT.Core] with GUID [com.SPT.core] and crc32 [4135225510]
[Info   :FikaModHandler] Loaded plugin: [SPT.Debugging] with GUID [com.SPT.debugging] and crc32 [2084470248]
[Info   :FikaModHandler] Loaded plugin: [Fika.Core] with GUID [com.fika.core] and crc32 [3233123487]
[Info   :FikaModHandler] Loaded plugin: [DrakiaXYZ-BigBrain] with GUID [xyz.drakia.bigbrain] and crc32 [3701555121]
[Info   :FikaModHandler] Loaded plugin: [SAIN] with GUID [me.sol.sain] and crc32 [4106956126]
[Info   :FikaModHandler] Loaded plugin: [SPTVRAMCleaner] with GUID [SPTVRAMCleaner.UniqueGUID] and crc32 [406055858]
[Info   :FikaModHandler] Loaded plugin: [DrakiaXYZ-Waypoints] with GUID [xyz.drakia.waypoints] and crc32 [2791696110]
[Info   :RequestHandler] [REQUEST]: /fika/client/check/mods
[Info   :RequestHandler] [REQUEST SUCCESSFUL] /fika/client/check/mods
[Info   :FikaModHandler] UI Fixes is not loaded, enabling PartyInfoPanel fix
[Info   : FikaPatch] Enabled patch PartyInfoPanel_method_3_Patch
[Info   :RequestHandler] [REQUEST]: /singleplayer/bundles
[Info   :RequestHandler] [REQUEST SUCCESSFUL] /singleplayer/bundles
[Info   :RequestHandler] [REQUEST]: /singleplayer/settings/version
[Info   :RequestHandler] [REQUEST SUCCESSFUL] /singleplayer/settings/version
[Info   : FikaPatch] Server version: SPT 3.11.3 - 7a9a34
[Info   : Fika.Core] Waiting for locales to be ready...
[Info   :      SAIN] [SAIN.ModDetection] : [[CheckPlugins()]:] : [SAIN: Project Fika Detected.]
[Info   : Fika.Core] Locales are ready!
[Info   : Fika.Core] Cached local IPs: 0.0.0.0, 26.33.66.202, 192.168.56.1
[Info   :RequestHandler] [REQUEST]: /singleplayer/log
[Info   :RequestHandler] [REQUEST SUCCESSFUL] /singleplayer/log
[Info   :RequestHandler] [REQUEST]: /singleplayer/log
[Info   :RequestHandler] [REQUEST SUCCESSFUL] /singleplayer/log
[Info   :RequestHandler] [REQUEST]: /singleplayer/log
[Info   :RequestHandler] [REQUEST SUCCESSFUL] /singleplayer/log
[Info   :RequestHandler] [REQUEST]: /singleplayer/settings/raid/menu
[Info   :RequestHandler] [REQUEST SUCCESSFUL] /singleplayer/settings/raid/menu
[Info   :NetManagerUtils] FikaGameObject has been created!
[Info   :NetManagerUtils] FikaServer has started!
[Info   :Fika.Server] Starting server with SendRate: 20
[Info   :NetManagerUtils] Creating CoopHandler...
[Info   :Fika.Server] Started Fika Server
[Info   :RequestHandler] [REQUEST]: /singleplayer/settings/getRaidTime
[Info   :RequestHandler] [REQUEST SUCCESSFUL] /singleplayer/settings/getRaidTime
[Info   :  CoopGame] Location: ReserveBase
[Info   :NetManagerUtils] Setting up game variables...
[Info   :  CoopGame] Adding debug component...
[Info   :  CoopGame] Local player created
[Info   :  CoopGame] Starting task to wait for host to start the raid.
[Info   :  CoopGame] Generating and initializing weather...
[Info   :  CoopGame] Setting Season to: Summer
[Info   : Fika.Core] Retrieving Core settings
[Warning:ModulePatch] __instance.BotHalloweenEvent._spawner is null skip Activate
[Info   :ModulePatch] __instance.BotHalloweenEvent._spawner is not null run Activate
[Info   :RequestHandler] [REQUEST]: /singleplayer/settings/bot/maxCap/RezervBase
[Info   :RequestHandler] [REQUEST SUCCESSFUL] /singleplayer/settings/bot/maxCap/RezervBase
[Info   :ModulePatch] Set max bot cap for: RezervBase from: 36 to: 22
[Info   :  CoopGame] All players are loaded, continuing...
[Info   :  CoopGame] Running old spawn system. Waves: 15
[Info   :RequestHandler] [REQUEST]: /singleplayer/scav/traitorscavhostile
[Info   :RequestHandler] [REQUEST SUCCESSFUL] /singleplayer/scav/traitorscavhostile
[Warning: Fika.Core] FreeCameraController::Awake: Failed to cache BattleUI
[Info   :  CoopGame] MatchingType: GroupLeader, Raid Code: I7XO2C
[Info   :      SAIN] [SAIN.Components.GameWorldComponent] : [[findSpawnPointMarkers()]:] : [Found 196 spawn point markers]
[Error  :  CoopGame] SyncTransitControllers: TransitController was null!
[Warning:SPTVRAMCleaner] Unused Assets have been unloaded - VRAM Usage cleaned
[Info   :  CoopGame] [SERVER] SpawnPoint: d91a39ba-2c87-4cc0-8203-82f91d607526, InfiltrationPoint: Common
[Error  :ModulePatch] Disabled exfil: res_pmc_Hatch
[Info   :RequestHandler] [REQUEST]: /singleplayer/settings/bot/getBotBehaviours/
[Info   :RequestHandler] [REQUEST SUCCESSFUL] /singleplayer/settings/bot/getBotBehaviours/
[Warning:ModulePatch] Cached ai brain weights in client
[Warning:ModulePatch] Updated assault bot Лёма Мероприятие to use: assault brain
[Warning:      SAIN] [SAIN.BotController.Classes.BotSquads] : [[getSquad().GetSquad()]:] : [Created New Squad [60bb180395704614a8f0826750d01a9b]]
[Warning:ModulePatch] Updated assault bot Фёдор Кожаный to use: assault brain
[Warning:      SAIN] [SAIN.BotController.Classes.BotSquads] : [[getSquad().GetSquad()]:] : [Created New Squad [7c666563fa41463f945a581c04fab3e2]]
[Warning:ModulePatch] Updated assault bot Лаша Брейк to use: assault brain
[Warning:      SAIN] [SAIN.BotController.Classes.BotSquads] : [[getSquad().GetSquad()]:] : [Created New Squad [28d176670206421ca920df54f3e59905]]
[Warning:ModulePatch] Updated spt bot Life: pmcUSEC to use: pmcBot brain
[Warning:      SAIN] [SAIN.BotController.Classes.BotSquads] : [[getSquad().GetSquad()]:] : [Created New Squad [0d67f823430642f3914a0e5385ba9eaa]]
[Warning:ModulePatch] Updated spt bot ShadowXtrex: pmcUSEC to use: pmcBot brain
[Info   :      SAIN] [SAIN.BotController.Classes.BotSquads] : [[GetSquad()]:] : [Found SAIN Bot for squad]
[Info   :      SAIN] [SAIN.BotController.Classes.BotSquads] : [[GetSquad()]:] : [Adding bot to squad [0d67f823430642f3914a0e5385ba9eaa]]
[Warning:      SAIN] [SAIN.BotController.Classes.BotSquads] : [[getSquad().GetSquad()]:] : [Created New Squad [8cd5df188a2c4993b29fa1f4f5244cb9]]
[Info   :      SAIN] [SAIN.BotController.Classes.Squad] : [[assignSquadLeader()]:] : [ Found New Leader. Name [Глухарь] for Squad: [Savage_8cd5df188a2c4993b29fa1f4f5244cb9] at Time: [241.1234] Group Size: [1]]
[Warning:      SAIN] [SAIN.BotController.Classes.BotSquads] : [[getSquad().GetSquad()]:] : [Created New Squad [baf993a5ec62490198386f2cc360e9c5]]
[Info   :      SAIN] [SAIN.BotController.Classes.BotSquads] : [[GetSquad()]:] : [Found SAIN Bot for squad]
[Info   :      SAIN] [SAIN.BotController.Classes.BotSquads] : [[GetSquad()]:] : [Adding bot to squad [8cd5df188a2c4993b29fa1f4f5244cb9]]
[Info   :      SAIN] [SAIN.BotController.Classes.BotSquads] : [[GetSquad()]:] : [Found SAIN Bot for squad]
[Info   :      SAIN] [SAIN.BotController.Classes.BotSquads] : [[GetSquad()]:] : [Adding bot to squad [8cd5df188a2c4993b29fa1f4f5244cb9]]
[Info   :      SAIN] [SAIN.BotController.Classes.BotSquads] : [[GetSquad()]:] : [Found SAIN Bot for squad]
[Info   :      SAIN] [SAIN.BotController.Classes.BotSquads] : [[GetSquad()]:] : [Adding bot to squad [8cd5df188a2c4993b29fa1f4f5244cb9]]
[Info   :      SAIN] [SAIN.BotController.Classes.BotSquads] : [[GetSquad()]:] : [Found SAIN Bot for squad]
[Info   :      SAIN] [SAIN.BotController.Classes.BotSquads] : [[GetSquad()]:] : [Adding bot to squad [8cd5df188a2c4993b29fa1f4f5244cb9]]
[Info   :      SAIN] [SAIN.BotController.Classes.BotSquads] : [[GetSquad()]:] : [Found SAIN Bot for squad]
[Info   :      SAIN] [SAIN.BotController.Classes.BotSquads] : [[GetSquad()]:] : [Adding bot to squad [8cd5df188a2c4993b29fa1f4f5244cb9]]
[Info   :      SAIN] [SAIN.BotController.Classes.BotSquads] : [[GetSquad()]:] : [Found SAIN Bot for squad]
[Info   :      SAIN] [SAIN.BotController.Classes.BotSquads] : [[GetSquad()]:] : [Adding bot to squad [8cd5df188a2c4993b29fa1f4f5244cb9]]
[Info   :      SAIN] [SAIN.BotController.Classes.Squad] : [[assignSquadLeader()]:] : [ Found New Leader. Name [Лёма Мероприятие] for Squad: [Savage_60bb180395704614a8f0826750d01a9b] at Time: [251.1263] Group Size: [1]]
[Info   :      SAIN] [SAIN.BotController.Classes.Squad] : [[assignSquadLeader()]:] : [ Found New Leader. Name [Фёдор Кожаный] for Squad: [Savage_7c666563fa41463f945a581c04fab3e2] at Time: [251.1263] Group Size: [1]]
[Info   :      SAIN] [SAIN.BotController.Classes.Squad] : [[assignSquadLeader()]:] : [ Found New Leader. Name [Лаша Брейк] for Squad: [Savage_28d176670206421ca920df54f3e59905] at Time: [251.1263] Group Size: [1]]
[Info   :      SAIN] [SAIN.BotController.Classes.Squad] : [[assignSquadLeader()]:] : [ Found New Leader. Name [Life] for Squad: [Usec_0d67f823430642f3914a0e5385ba9eaa] at Time: [251.1263] Group Size: [2]]
[Info   :      SAIN] [SAIN.BotController.Classes.Squad] : [[assignSquadLeader()]:] : [ Found New Leader. Name [Глухарь] for Squad: [Savage_8cd5df188a2c4993b29fa1f4f5244cb9] at Time: [251.1263] Group Size: [7]]
[Info   :      SAIN] [SAIN.BotController.Classes.Squad] : [[assignSquadLeader()]:] : [ Found New Leader. Name [Леопард] for Squad: [Savage_baf993a5ec62490198386f2cc360e9c5] at Time: [251.1263] Group Size: [1]]
[Warning:ModulePatch] Updated spt bot epidemicz: pmcBEAR to use: pmcBot brain
[Warning:      SAIN] [SAIN.BotController.Classes.BotSquads] : [[getSquad().GetSquad()]:] : [Created New Squad [57fd0a1413a74fa0938eab1bf7412909]]
[Info   :      SAIN] [SAIN.BotController.Classes.Squad] : [[assignSquadLeader()]:] : [ Found New Leader. Name [epidemicz] for Squad: [Bear_57fd0a1413a74fa0938eab1bf7412909] at Time: [275.6977] Group Size: [1]]
[Info   :      SAIN] [SAIN.BotController.Classes.Squad] : [[memberWasKilled()]:] : [Member [Фёдор Кожаный] was killed for Squad: [Savage_7c666563fa41463f945a581c04fab3e2] by [ShadowXtrex] at Time: [304.8818] by damage type: [Bullet] to Body part: [LeftArm]]
[Info   :      SAIN] [SAIN.BotController.Classes.Squad] : [[memberWasKilled()]:] : [Leader [Фёдор Кожаный] was killed for Squad: [Savage_7c666563fa41463f945a581c04fab3e2]]
[Warning:      SAIN] [SAIN.SAINComponent.Classes.Debug.SAINBotUnstuckClass] : [[doStuckChecks().tryFixStuckBot()]:] : [[Bot11] has been stuck for [5.094971] seconds on [Reserve_ventilation_shaft_BALLISTIC_concrete] object at [(38.76, -7.00, -69.64)] with Current Decision as [Search]]
[Info   :CactusPie.RamCleanerInterval] Executing the RAM cleaner
[Info   :      SAIN] [SAIN.BotController.Classes.Squad] : [[memberWasKilled()]:] : [Member [epidemicz] was killed for Squad: [Bear_57fd0a1413a74fa0938eab1bf7412909] by [Лёма Мероприятие] at Time: [356.5057] by damage type: [Bullet] to Body part: [Head]]
[Info   :      SAIN] [SAIN.BotController.Classes.Squad] : [[memberWasKilled()]:] : [Leader [epidemicz] was killed for Squad: [Bear_57fd0a1413a74fa0938eab1bf7412909]]
[Warning:ModulePatch] Updated spt bot riku8405: pmcBEAR to use: pmcBot brain
[Warning:      SAIN] [SAIN.BotController.Classes.BotSquads] : [[getSquad().GetSquad()]:] : [Created New Squad [1a07238baddd4dce9ad27a0ca40586a3]]
[Info   :      SAIN] [SAIN.BotController.Classes.Squad] : [[memberWasKilled()]:] : [Member [riku8405] was killed for Squad: [Bear_1a07238baddd4dce9ad27a0ca40586a3] by [Баргузин] at Time: [360.4595] by damage type: [Bullet] to Body part: [Chest]]
[Info   :      SAIN] [SAIN.BotController.Classes.BotSquads] : [[GetSquad()]:] : [Found SAIN Bot for squad]
[Info   :      SAIN] [SAIN.BotController.Classes.BotSquads] : [[GetSquad()]:] : [Adding bot to squad [baf993a5ec62490198386f2cc360e9c5]]
[Info   :      SAIN] [SAIN.BotController.Classes.BotSquads] : [[GetSquad()]:] : [Found SAIN Bot for squad]
[Info   :      SAIN] [SAIN.BotController.Classes.BotSquads] : [[GetSquad()]:] : [Adding bot to squad [baf993a5ec62490198386f2cc360e9c5]]
[Info   :      SAIN] [SAIN.BotController.Classes.Squad] : [[assignSquadLeader()]:] : [ Found New Leader. Name [Тайпан] for Squad: [Savage_baf993a5ec62490198386f2cc360e9c5] at Time: [373.906] Group Size: [3]]
[Info   :      SAIN] [SAIN.BotController.Classes.Squad] : [[memberWasKilled()]:] : [Member [Лёма Мероприятие] was killed for Squad: [Savage_60bb180395704614a8f0826750d01a9b] by [Трубочист] at Time: [373.9943] by damage type: [Bullet] to Body part: [Chest]]
[Info   :      SAIN] [SAIN.BotController.Classes.Squad] : [[memberWasKilled()]:] : [Leader [Лёма Мероприятие] was killed for Squad: [Savage_60bb180395704614a8f0826750d01a9b]]
[Info   :      SAIN] [SAIN.BotController.Classes.Squad] : [[memberWasKilled()]:] : [Member [Лаша Брейк] was killed for Squad: [Savage_28d176670206421ca920df54f3e59905] by [Тайпан] at Time: [374.992] by damage type: [Bullet] to Body part: [Chest]]
[Info   :      SAIN] [SAIN.BotController.Classes.Squad] : [[memberWasKilled()]:] : [Leader [Лаша Брейк] was killed for Squad: [Savage_28d176670206421ca920df54f3e59905]]
[Warning:ModulePatch] Updated assault bot Рома Морисбудиш to use: assault brain
[Warning:      SAIN] [SAIN.BotController.Classes.BotSquads] : [[getSquad().GetSquad()]:] : [Created New Squad [20ff329e166c47909fbc67744f11a8d0]]
[Info   :      SAIN] [SAIN.BotController.Classes.Squad] : [[assignSquadLeader()]:] : [ Found New Leader. Name [Рома Морисбудиш] for Squad: [Savage_20ff329e166c47909fbc67744f11a8d0] at Time: [410.1063] Group Size: [1]]
[Warning:      SAIN] [SAIN.SAINComponent.Classes.Debug.SAINBotUnstuckClass] : [[doStuckChecks().tryFixStuckBot()]:] : [[Bot8] has been stuck for [5.148407] seconds on [Bot12] object at [(-17.24, -6.94, 6.38)] with Current Decision as [Search]]
[Warning:      SAIN] [SAIN.SAINComponent.Classes.Debug.SAINBotUnstuckClass] : [[doStuckChecks().tryFixStuckBot()]:] : [[Bot12] has been stuck for [5.146851] seconds on [Bot8] object at [(-16.88, -6.94, 6.39)] with Current Decision as [Search]]
[Warning:      SAIN] [SAIN.SAINComponent.Classes.Debug.SAINBotUnstuckClass] : [[doStuckChecks().tryFixStuckBot()]:] : [[Bot11] has been stuck for [5.104584] seconds on [Bot8] object at [(-16.88, -6.94, 6.39)] with Current Decision as [Search]]
[Warning:      SAIN] [SAIN.SAINComponent.Classes.Debug.SAINBotUnstuckClass] : [[doStuckChecks().tryFixStuckBot()]:] : [[Bot13] has been stuck for [5.08432] seconds on [Bot11] object at [(-16.68, -6.94, 6.35)] with Current Decision as [Search]]
[Warning:      SAIN] [SAIN.SAINComponent.Classes.Debug.SAINBotUnstuckClass] : [[doStuckChecks().tryFixStuckBot()]:] : [[Bot8] has been stuck for [15.36639] seconds on [Bot12] object at [(-17.24, -6.94, 6.38)] with Current Decision as [Search]]
[Warning:      SAIN] [SAIN.SAINComponent.Classes.Debug.SAINBotUnstuckClass] : [[doStuckChecks().tryFixStuckBot()]:] : [[Bot12] has been stuck for [15.33267] seconds on [Bot8] object at [(-16.88, -6.94, 6.39)] with Current Decision as [Search]]
[Warning:      SAIN] [SAIN.SAINComponent.Classes.Debug.SAINBotUnstuckClass] : [[doStuckChecks().tryFixStuckBot()]:] : [[Bot11] has been stuck for [15.29178] seconds on [Bot8] object at [(-16.88, -6.94, 6.39)] with Current Decision as [Search]]
[Warning:      SAIN] [SAIN.SAINComponent.Classes.Debug.SAINBotUnstuckClass] : [[doStuckChecks().tryFixStuckBot()]:] : [[Bot13] has been stuck for [15.28223] seconds on [Bot11] object at [(-16.68, -6.94, 6.35)] with Current Decision as [Search]]
[Warning:      SAIN] [SAIN.SAINComponent.Classes.Debug.SAINBotUnstuckClass] : [[doStuckChecks().tryFixStuckBot()]:] : [[Bot8] has been stuck for [25.49573] seconds on [Bot12] object at [(-17.24, -6.94, 6.38)] with Current Decision as [Search]]
[Warning:      SAIN] [SAIN.SAINComponent.Classes.Debug.SAINBotUnstuckClass] : [[doStuckChecks().tryFixStuckBot()]:] : [[Bot12] has been stuck for [25.57898] seconds on [Bot8] object at [(-16.88, -6.94, 6.39)] with Current Decision as [Search]]
[Warning:      SAIN] [SAIN.SAINComponent.Classes.Debug.SAINBotUnstuckClass] : [[doStuckChecks().tryFixStuckBot()]:] : [[Bot11] has been stuck for [25.46045] seconds on [Bot8] object at [(-16.88, -6.94, 6.39)] with Current Decision as [Search]]
[Warning:      SAIN] [SAIN.SAINComponent.Classes.Debug.SAINBotUnstuckClass] : [[doStuckChecks().tryFixStuckBot()]:] : [[Bot13] has been stuck for [25.52512] seconds on [Bot11] object at [(-16.68, -6.94, 6.35)] with Current Decision as [Search]]
[Warning:      SAIN] [SAIN.SAINComponent.Classes.Debug.SAINBotUnstuckClass] : [[doStuckChecks().tryFixStuckBot()]:] : [[Bot8] has been stuck for [35.71237] seconds on [Bot12] object at [(-17.24, -6.94, 6.38)] with Current Decision as [Search]]
[Warning:      SAIN] [SAIN.SAINComponent.Classes.Debug.SAINBotUnstuckClass] : [[doStuckChecks().tryFixStuckBot()]:] : [[Bot12] has been stuck for [35.77417] seconds on [Bot8] object at [(-16.88, -6.94, 6.39)] with Current Decision as [Search]]
[Warning:      SAIN] [SAIN.SAINComponent.Classes.Debug.SAINBotUnstuckClass] : [[doStuckChecks().tryFixStuckBot()]:] : [[Bot11] has been stuck for [35.65747] seconds on [Bot8] object at [(-16.88, -6.94, 6.39)] with Current Decision as [Search]]
[Warning:      SAIN] [SAIN.SAINComponent.Classes.Debug.SAINBotUnstuckClass] : [[doStuckChecks().tryFixStuckBot()]:] : [[Bot13] has been stuck for [35.72333] seconds on [Bot11] object at [(-16.68, -6.94, 6.35)] with Current Decision as [Search]]
[Warning:      SAIN] [SAIN.SAINComponent.Classes.Debug.SAINBotUnstuckClass] : [[doStuckChecks().tryFixStuckBot()]:] : [[Bot8] has been stuck for [45.87158] seconds on [Bot12] object at [(-17.24, -6.94, 6.38)] with Current Decision as [Search]]
[Warning:      SAIN] [SAIN.SAINComponent.Classes.Debug.SAINBotUnstuckClass] : [[doStuckChecks().tryFixStuckBot()]:] : [[Bot10] has been stuck for [5.081696] seconds on [Bot6] object at [(-33.99, -6.78, -13.06)] with Current Decision as [Search]]
[Warning:      SAIN] [SAIN.SAINComponent.Classes.Debug.SAINBotUnstuckClass] : [[doStuckChecks().tryFixStuckBot()]:] : [[Bot6] has been stuck for [5.169189] seconds on [Bot10] object at [(-33.96, -6.79, -13.56)] with Current Decision as [Search]]
[Warning:      SAIN] [SAIN.SAINComponent.Classes.Debug.SAINBotUnstuckClass] : [[doStuckChecks().tryFixStuckBot()]:] : [[Bot12] has been stuck for [46.03632] seconds on [Bot8] object at [(-16.88, -6.94, 6.39)] with Current Decision as [Search]]
[Warning:      SAIN] [SAIN.SAINComponent.Classes.Debug.SAINBotUnstuckClass] : [[doStuckChecks().tryFixStuckBot()]:] : [[Bot11] has been stuck for [45.85922] seconds on [Bot8] object at [(-16.88, -6.94, 6.39)] with Current Decision as [Search]]
[Warning:      SAIN] [SAIN.SAINComponent.Classes.Debug.SAINBotUnstuckClass] : [[doStuckChecks().tryFixStuckBot()]:] : [[Bot13] has been stuck for [45.98373] seconds on [Bot11] object at [(-16.68, -6.94, 6.35)] with Current Decision as [Search]]
[Warning:      SAIN] [SAIN.SAINComponent.Classes.Debug.SAINBotUnstuckClass] : [[doStuckChecks().tryFixStuckBot()]:] : [[Bot8] has been stuck for [56.0722] seconds on [Bot12] object at [(-17.24, -6.94, 6.38)] with Current Decision as [Search]]
[Warning:      SAIN] [SAIN.SAINComponent.Classes.Debug.SAINBotUnstuckClass] : [[doStuckChecks().tryFixStuckBot()]:] : [[Bot10] has been stuck for [15.26688] seconds on [Bot6] object at [(-33.99, -6.78, -13.06)] with Current Decision as [Search]]
[Warning:      SAIN] [SAIN.SAINComponent.Classes.Debug.SAINBotUnstuckClass] : [[doStuckChecks().tryFixStuckBot()]:] : [[Bot6] has been stuck for [15.31433] seconds on [Bot10] object at [(-33.96, -6.79, -13.56)] with Current Decision as [Search]]
[Warning:      SAIN] [SAIN.SAINComponent.Classes.Debug.SAINBotUnstuckClass] : [[doStuckChecks().tryFixStuckBot()]:] : [[Bot12] has been stuck for [56.18311] seconds on [Bot8] object at [(-16.88, -6.94, 6.39)] with Current Decision as [Search]]
[Warning:      SAIN] [SAIN.SAINComponent.Classes.Debug.SAINBotUnstuckClass] : [[doStuckChecks().tryFixStuckBot()]:] : [[Bot11] has been stuck for [55.99982] seconds on [Bot8] object at [(-16.88, -6.94, 6.39)] with Current Decision as [Search]]
[Warning:      SAIN] [SAIN.SAINComponent.Classes.Debug.SAINBotUnstuckClass] : [[doStuckChecks().tryFixStuckBot()]:] : [[Bot13] has been stuck for [56.14581] seconds on [Bot11] object at [(-16.68, -6.94, 6.35)] with Current Decision as [Search]]
[Warning:      SAIN] [SAIN.SAINComponent.Classes.Debug.SAINBotUnstuckClass] : [[doStuckChecks().tryFixStuckBot()]:] : [[Bot8] has been stuck for [66.20248] seconds on [Bot13] object at [(-16.51, -6.94, 6.44)] with Current Decision as [Search]]
[Warning:      SAIN] [SAIN.SAINComponent.Classes.Debug.SAINBotUnstuckClass] : [[doStuckChecks().tryFixStuckBot()]:] : [[Bot10] has been stuck for [25.39944] seconds on [Bot6] object at [(-33.99, -6.78, -13.06)] with Current Decision as [Search]]
[Warning:      SAIN] [SAIN.SAINComponent.Classes.Debug.SAINBotUnstuckClass] : [[doStuckChecks().tryFixStuckBot()]:] : [[Bot6] has been stuck for [25.48181] seconds on [Bot10] object at [(-33.96, -6.79, -13.56)] with Current Decision as [Search]]
[Warning:ModulePatch] Updated assault bot Харитон Фрезер to use: assault brain
[Warning:      SAIN] [SAIN.BotController.Classes.BotSquads] : [[getSquad().GetSquad()]:] : [Created New Squad [f4f27b2ac7bb4b69a53832111d5378e8]]
[Warning:ModulePatch] Updated assault bot Генка Мистер to use: assault brain
[Info   :      SAIN] [SAIN.BotController.Classes.BotSquads] : [[GetSquad()]:] : [Found SAIN Bot for squad]
[Info   :      SAIN] [SAIN.BotController.Classes.BotSquads] : [[GetSquad()]:] : [Adding bot to squad [f4f27b2ac7bb4b69a53832111d5378e8]]
[Info   :      SAIN] [SAIN.BotController.Classes.Squad] : [[assignSquadLeader()]:] : [ Found New Leader. Name [Генка Мистер] for Squad: [Savage_f4f27b2ac7bb4b69a53832111d5378e8] at Time: [502.6995] Group Size: [2]]
[Info   :CactusPie.RamCleanerInterval] Executing the RAM cleaner
[Info   :      SAIN] [SAIN.BotController.Classes.Squad] : [[memberWasKilled()]:] : [Member [ShadowXtrex] was killed for Squad: [Usec_0d67f823430642f3914a0e5385ba9eaa] by [Тайпан] at Time: [560.7937] by damage type: [Bullet] to Body part: [Chest]]
[Info   :CoopHandler] F8 pressed, attempting to extract!
[Info   :Fika.Server] ..:: Fika Server Session Statistics ::..
[Info   :Fika.Server] Sent packets: 0
[Info   :Fika.Server] Sent data: 0 B
[Info   :Fika.Server] Received packets: 0
[Info   :Fika.Server] Received data: 0 B
[Info   :Fika.Server] Packet loss: 0%
[Info   :NetManagerUtils] Destroyed FikaServer
[Info   :RequestHandler] [REQUEST]: /raid/profile/scavsave
[Info   :RequestHandler] [REQUEST SUCCESSFUL] /raid/profile/scavsave
