[2025-06-09 16:33:21] ==== Launcher Started ====
[2025-06-09 16:33:21][Info] Using launcher config at: C:\SPT\user\launcher\config.json
[2025-06-09 16:33:22][DEV_MODE][Info] Running in dev mode, not resetting
[2025-06-09 16:33:22][DEV_MODE][Info] Connected to server: https://26.33.66.202:6969 - SPT MatchingVersion: 3.11.3
[2025-06-09 16:33:45][DEV_MODE][Info] [Settings] Clearing game settings ...
[2025-06-09 16:33:45][DEV_MODE][Info] [Settings] Game settings cleared
[2025-06-09 16:33:50][DEV_MODE][Info] [Settings] Clearing temp files ...
[2025-06-09 16:33:50][DEV_MODE][Info] Recursive Removal: C:\SPT\user\sptappdata
[2025-06-09 16:33:50][DEV_MODE][Info] Recursive Removal: C:\SPT\user\sptappdata\files
[2025-06-09 16:33:50][DEV_MODE][Info] Recursive Removal: C:\SPT\user\sptappdata\files\prestige
[2025-06-09 16:33:50][DEV_MODE][Info] Recursive Removal: C:\SPT\user\sptappdata\files\prestige\reward
[2025-06-09 16:33:50][DEV_MODE][Info] Recursive Removal: C:\SPT\user\sptappdata\files\prestige\reward\big
[2025-06-09 16:33:50][DEV_MODE][Info] Recursive Removal: C:\SPT\user\sptappdata\files\prestige\reward\small
[2025-06-09 16:33:50][DEV_MODE][Info] Recursive Removal: C:\SPT\user\sptappdata\files\quest
[2025-06-09 16:33:50][DEV_MODE][Info] Recursive Removal: C:\SPT\user\sptappdata\files\quest\icon
[2025-06-09 16:33:50][DEV_MODE][Info] Recursive Removal: C:\SPT\user\sptappdata\files\trader
[2025-06-09 16:33:50][DEV_MODE][Info] Recursive Removal: C:\SPT\user\sptappdata\files\trader\avatar
[2025-06-09 16:33:50][DEV_MODE][Info] Recursive Removal: C:\SPT\user\sptappdata\live
[2025-06-09 16:33:50][DEV_MODE][Info] Recursive Removal: C:\SPT\user\sptappdata\live\Clothing
[2025-06-09 16:33:50][DEV_MODE][Info] Recursive Removal: C:\SPT\user\sptappdata\live\PlayerIcons
[2025-06-09 16:33:50][DEV_MODE][Info] [Settings] Temp files cleared
[2025-06-09 16:33:57][DEV_MODE][Info] >>> Launching Game
[2025-06-09 16:33:57][DEV_MODE][Info] >>> Account: SpermaSobaki
[2025-06-09 16:33:57][DEV_MODE][Info] >>> Server : https://26.33.66.202:6969
[2025-06-09 16:33:57][DEV_MODE][Info] [LaunchGame] spt-core.dll version: 3.11.3
[2025-06-09 16:33:57][DEV_MODE][Info] [LaunchGame] Installed in Live :: NO
[2025-06-09 16:33:57][DEV_MODE][Info] [LaunchGame] Setup Game Files ...
[2025-06-09 16:33:57][DEV_MODE][Info] Recursive Removal: C:\SPT\Logs
[2025-06-09 16:33:57][DEV_MODE][Info] Recursive Removal: C:\SPT\Logs\log_2025.06.08_23-22-26_0.16.1.3.35392
[2025-06-09 16:33:57][DEV_MODE][Info] [LaunchGame] Game Validation   :: OK
[2025-06-09 16:33:57][DEV_MODE][Info] [LaunchGame] Valid Game Path   :: OK
[2025-06-09 16:33:58][DEV_MODE][Info] [LaunchGame] Applying Patch    :: OK
[2025-06-09 16:33:58][DEV_MODE][Info] [LaunchGame] Game process started
